2023-02-19 18:36:33:0470 INFO  - Parse command line arguments
2023-02-19 18:36:33:0480 INFO  - Create calculator
2023-02-19 18:36:33:0481 INFO  - Launch calculator
2023-02-19 18:36:33:0481 INFO  - Create calculator context
2023-02-19 18:36:33:0484 INFO  - Create parser of lines with commands
2023-02-19 18:36:33:0484 INFO  - Create command creator
2023-02-19 18:36:33:0487 INFO  - Start reading lines with commands from input stream
2023-02-19 18:36:33:0488 INFO  - Parse read line
2023-02-19 18:36:33:0494 INFO  - Parse read line
2023-02-19 18:36:33:0494 INFO  - Parse read line
2023-02-19 18:36:33:0506 INFO  - Create command "DEFINE"
2023-02-19 18:36:33:0508 INFO  - Launch command "DEFINE"
2023-02-19 18:36:33:0513 INFO  - Parse read line
2023-02-19 18:36:33:0513 INFO  - Create command "DEFINE"
2023-02-19 18:36:33:0513 INFO  - Launch command "DEFINE"
2023-02-19 18:36:33:0513 INFO  - Parse read line
2023-02-19 18:36:33:0513 INFO  - Create command "DEFINE"
2023-02-19 18:36:33:0514 INFO  - Launch command "DEFINE"
2023-02-19 18:36:33:0514 INFO  - Parse read line
2023-02-19 18:36:33:0514 INFO  - Create command "PUSH"
2023-02-19 18:36:33:0515 INFO  - Launch command "PUSH"
2023-02-19 18:36:33:0516 INFO  - Parse read line
2023-02-19 18:36:33:0517 INFO  - Create command "PUSH"
2023-02-19 18:36:33:0517 INFO  - Launch command "PUSH"
2023-02-19 18:36:33:0517 INFO  - Parse read line
2023-02-19 18:36:33:0518 INFO  - Create command "*"
2023-02-19 18:36:33:0518 INFO  - Launch command "*"
2023-02-19 18:36:33:0518 INFO  - Parse read line
2023-02-19 18:36:33:0518 INFO  - Create command "PUSH"
2023-02-19 18:36:33:0519 INFO  - Launch command "PUSH"
2023-02-19 18:36:33:0519 INFO  - Parse read line
2023-02-19 18:36:33:0519 INFO  - Create command "PUSH"
2023-02-19 18:36:33:0519 INFO  - Launch command "PUSH"
2023-02-19 18:36:33:0519 INFO  - Parse read line
2023-02-19 18:36:33:0519 INFO  - Create command "PUSH"
2023-02-19 18:36:33:0519 INFO  - Launch command "PUSH"
2023-02-19 18:36:33:0520 INFO  - Parse read line
2023-02-19 18:36:33:0520 INFO  - Create command "*"
2023-02-19 18:36:33:0520 INFO  - Launch command "*"
2023-02-19 18:36:33:0520 INFO  - Parse read line
2023-02-19 18:36:33:0520 INFO  - Create command "*"
2023-02-19 18:36:33:0520 INFO  - Launch command "*"
2023-02-19 18:36:33:0521 INFO  - Parse read line
2023-02-19 18:36:33:0521 INFO  - Create command "-"
2023-02-19 18:36:33:0522 INFO  - Launch command "-"
2023-02-19 18:36:33:0522 INFO  - Parse read line
2023-02-19 18:36:33:0523 INFO  - Create command "SQRT"
2023-02-19 18:36:33:0523 INFO  - Launch command "SQRT"
2023-02-19 18:36:33:0524 INFO  - Parse read line
2023-02-19 18:36:33:0524 INFO  - Create command "PUSH"
2023-02-19 18:36:33:0524 INFO  - Launch command "PUSH"
2023-02-19 18:36:33:0525 INFO  - Parse read line
2023-02-19 18:36:33:0525 INFO  - Create command "-"
2023-02-19 18:36:33:0525 INFO  - Launch command "-"
2023-02-19 18:36:33:0525 INFO  - Parse read line
2023-02-19 18:36:33:0525 INFO  - Create command "PUSH"
2023-02-19 18:36:33:0525 INFO  - Launch command "PUSH"
2023-02-19 18:36:33:0525 INFO  - Parse read line
2023-02-19 18:36:33:0526 INFO  - Create command "PUSH"
2023-02-19 18:36:33:0526 INFO  - Launch command "PUSH"
2023-02-19 18:36:33:0526 INFO  - Parse read line
2023-02-19 18:36:33:0526 INFO  - Create command "*"
2023-02-19 18:36:33:0526 INFO  - Launch command "*"
2023-02-19 18:36:33:0526 INFO  - Parse read line
2023-02-19 18:36:33:0526 INFO  - Create command "/"
2023-02-19 18:36:33:0527 INFO  - Launch command "/"
2023-02-19 18:36:33:0527 INFO  - Parse read line
2023-02-19 18:36:33:0528 INFO  - Create command "PRINT"
2023-02-19 18:36:33:0528 INFO  - Launch command "PRINT"
2023-02-19 18:36:33:0529 INFO  - Parse read line
2023-02-19 18:36:33:0529 INFO  - Parse read line
2023-02-19 18:36:33:0529 INFO  - Create command "PUSH"
2023-02-19 18:36:33:0529 INFO  - Launch command "PUSH"
2023-02-19 18:36:33:0529 INFO  - Parse read line
2023-02-19 18:36:33:0530 INFO  - Create command "PUSH"
2023-02-19 18:36:33:0530 INFO  - Launch command "PUSH"
2023-02-19 18:36:33:0530 INFO  - Parse read line
2023-02-19 18:36:33:0530 INFO  - Create command "*"
2023-02-19 18:36:33:0530 INFO  - Launch command "*"
2023-02-19 18:36:33:0530 INFO  - Parse read line
2023-02-19 18:36:33:0530 INFO  - Create command "PUSH"
2023-02-19 18:36:33:0530 INFO  - Launch command "PUSH"
2023-02-19 18:36:33:0531 INFO  - Parse read line
2023-02-19 18:36:33:0531 INFO  - Create command "PUSH"
2023-02-19 18:36:33:0531 INFO  - Launch command "PUSH"
2023-02-19 18:36:33:0531 INFO  - Parse read line
2023-02-19 18:36:33:0531 INFO  - Create command "PUSH"
2023-02-19 18:36:33:0531 INFO  - Launch command "PUSH"
2023-02-19 18:36:33:0531 INFO  - Parse read line
2023-02-19 18:36:33:0531 INFO  - Create command "*"
2023-02-19 18:36:33:0532 INFO  - Launch command "*"
2023-02-19 18:36:33:0532 INFO  - Parse read line
2023-02-19 18:36:33:0532 INFO  - Create command "*"
2023-02-19 18:36:33:0532 INFO  - Launch command "*"
2023-02-19 18:36:33:0532 INFO  - Parse read line
2023-02-19 18:36:33:0533 INFO  - Create command "-"
2023-02-19 18:36:33:0533 INFO  - Launch command "-"
2023-02-19 18:36:33:0533 INFO  - Parse read line
2023-02-19 18:36:33:0533 INFO  - Create command "SQRT"
2023-02-19 18:36:33:0533 INFO  - Launch command "SQRT"
2023-02-19 18:36:33:0533 INFO  - Parse read line
2023-02-19 18:36:33:0533 INFO  - Create command "PUSH"
2023-02-19 18:36:33:0533 INFO  - Launch command "PUSH"
2023-02-19 18:36:33:0534 INFO  - Parse read line
2023-02-19 18:36:33:0534 INFO  - Create command "/"
2023-02-19 18:36:33:0534 INFO  - Launch command "/"
2023-02-19 18:36:33:0534 INFO  - Parse read line
2023-02-19 18:36:33:0534 INFO  - Create command "-"
2023-02-19 18:36:33:0534 INFO  - Launch command "-"
2023-02-19 18:36:33:0534 INFO  - Parse read line
2023-02-19 18:36:33:0534 INFO  - Create command "PRINT"
2023-02-19 18:36:33:0535 INFO  - Launch command "PRINT"
2023-02-19 18:36:33:0535 INFO  - Parse read line
2023-02-19 18:36:33:0535 INFO  - Create command "POP"
2023-02-19 18:36:33:0535 INFO  - Launch command "POP"
2023-02-19 18:36:33:0536 INFO  - Parse read line
2023-02-19 18:36:33:0536 INFO  - Create command "PRINT"
2023-02-19 18:36:33:0536 INFO  - Launch command "PRINT"
2023-02-19 18:36:33:0542 WARN  - Exception: 
ru.nsu.ccfit.petrov.task2.context.exception.EmptyStackException: Context exception: Empty stack
	at ru.nsu.ccfit.petrov.task2.context.Context.peekStackValue(Context.java:79)
	at ru.nsu.ccfit.petrov.task2.commands.Print.run(Print.java:22)
	at ru.nsu.ccfit.petrov.task2.Calculator.run(Calculator.java:75)
	at ru.nsu.ccfit.petrov.task2.Main.main(Main.java:46)
